<?xml version="1.0" encoding="UTF-8"?>
<!-- Generated by org.testng.reporters.JUnitXMLReporter -->
<testsuite ignored="2" hostname="Naveens-MacBook-Air.local" failures="0" tests="1" name="Default test" time="11.36" errors="0" timestamp="2026-01-20T18:40:35 MST">
  <testcase classname="naveenseleniumtests.projects.AppTest" name="ValidateE2Eflow" time="5.464"/>
  <testcase classname="naveenseleniumtests.projects.AppTest" name="ValidateE2Eflow_withDataProvider" time="0.0">
    <ignored/>
  </testcase> <!-- ValidateE2Eflow_withDataProvider -->
  <testcase classname="naveenseleniumtests.projects.AppTest" name="ValidateConfPage" time="0.0">
    <ignored/>
  </testcase> <!-- ValidateConfPage -->
</testsuite> <!-- Default test -->
